<?xml version="1.0" encoding="UTF-8" ?>
<testsuite tests="8" failures="4" name="Results" time="0.023" errors="0" skipped="0">
  <properties>
[...]
</properties>
  <testcase classname="eu.tsystems.mms.tic.testerra.plugins.teamcity.test.SimpleTest" name="beforeSuite" time="0"/>
  <testcase classname="eu.tsystems.mms.tic.testerra.plugins.teamcity.test.SimpleTest" name="testT01_SimplePassedTest" time="1.121"/>
  <testcase classname="eu.tsystems.mms.tic.testerra.plugins.teamcity.test.SimpleTest" name="testT02_SimplePassedTest" time="1.122"/>
  <testcase classname="eu.tsystems.mms.tic.testerra.plugins.teamcity.test.SimpleTest" name="testT03_SimpleFailedTest" time="1.127">
    <failure/>
  </testcase>
  <testcase classname="eu.tsystems.mms.tic.testerra.plugins.teamcity.test.SimpleTest" name="testT06_RetriedTestSecondRunPassed" time="1.14">
    <failure/>
  </testcase>
  <testcase classname="eu.tsystems.mms.tic.testerra.plugins.teamcity.test.SimpleTest" name="testT06_RetriedTestSecondRunPassed" time="1.17"/>
  <testcase classname="eu.tsystems.mms.tic.testerra.plugins.teamcity.test.SimpleTest" name="test07_VerifyTeamCityMessages" time="1.173">
    <failure/>
  </testcase>
  <testcase classname="eu.tsystems.mms.tic.testerra.plugins.teamcity.test.SimpleTest" name="testT05_SimpleExpectedFailedTest" time="2.138">
    <failure/>
  </testcase>
</testsuite>